# JRE version: OpenJDK Runtime Environment GraalVM CE 22.3.0 (17.0.5+8) (build 17.0.5+8-jvmci-22.3-b08)
# Java VM: OpenJDK 64-Bit Server VM GraalVM CE 22.3.0 (17.0.5+8-jvmci-22.3-b08, mixed mode, sharing, tiered, jvmci, jvmci compiler, compressed oops, compressed class ptrs, parallel gc, linux-amd64)
GC Precious Log:
 CPUs: 8 total, 1 available
 Memory: 1024M
 Large Page Support: Disabled
 NUMA Support: Disabled
 Compressed Oops: Enabled (32-bit)
 Alignments: Space 512K, Generation 512K, Heap 2M
 Heap Min Capacity: 100M
 Heap Initial Capacity: 100M
 Heap Max Capacity: 512M
 Pre-touch: Disabled
 Parallel Workers: 1
Heap:
 PSYoungGen      total 58880K, used 34815K [0x00000000f5580000, 0x00000000fa900000, 0x0000000100000000)
  eden space 34816K, 99% used [0x00000000f5580000,0x00000000f777fff8,0x00000000f7780000)
  from space 24064K, 0% used [0x00000000f8f00000,0x00000000f8f00000,0x00000000fa680000)
  to   space 24064K, 0% used [0x00000000f7780000,0x00000000f7780000,0x00000000f8f00000)
 ParOldGen       total 349696K, used 349695K [0x00000000e0000000, 0x00000000f5580000, 0x00000000f5580000)
  object space 349696K, 99% used [0x00000000e0000000,0x00000000f557fcc0,0x00000000f5580000)
 Metaspace       used 57367K, committed 58240K, reserved 1105920K
  class space    used 5516K, committed 5888K, reserved 1048576K
GC Heap History (20 events):
Event: 1081.983 GC heap before
{Heap before GC invocations=727 (full 620):
 PSYoungGen      total 58880K, used 34815K [0x00000000f5580000, 0x00000000fa900000, 0x0000000100000000)
  eden space 34816K, 99% used [0x00000000f5580000,0x00000000f777fff8,0x00000000f7780000)
  from space 24064K, 0% used [0x00000000f8f00000,0x00000000f8f00000,0x00000000fa680000)
  to   space 24064K, 0% used [0x00000000f7780000,0x00000000f7780000,0x00000000f8f00000)
 ParOldGen       total 349696K, used 349694K [0x00000000e0000000, 0x00000000f5580000, 0x00000000f5580000)
  object space 349696K, 99% used [0x00000000e0000000,0x00000000f557f858,0x00000000f5580000)
 Metaspace       used 57367K, committed 58240K, reserved 1105920K
  class space    used 5516K, committed 5888K, reserved 1048576K
}
Event: 1083.568 GC heap after
{Heap after GC invocations=727 (full 620):
 PSYoungGen      total 58880K, used 34815K [0x00000000f5580000, 0x00000000fa900000, 0x0000000100000000)
  eden space 34816K, 99% used [0x00000000f5580000,0x00000000f777fff8,0x00000000f7780000)
  from space 24064K, 0% used [0x00000000f7780000,0x00000000f7780000,0x00000000f8f00000)
  to   space 24064K, 0% used [0x00000000f8f00000,0x00000000f8f00000,0x00000000fa680000)
 ParOldGen       total 349696K, used 349693K [0x00000000e0000000, 0x00000000f5580000, 0x00000000f5580000)
  object space 349696K, 99% used [0x00000000e0000000,0x00000000f557f6f0,0x00000000f5580000)
 Metaspace       used 57367K, committed 58240K, reserved 1105920K
  class space    used 5516K, committed 5888K, reserved 1048576K
}
Event: 1083.577 GC heap before
{Heap before GC invocations=728 (full 621):
 PSYoungGen      total 58880K, used 34815K [0x00000000f5580000, 0x00000000fa900000, 0x0000000100000000)
  eden space 34816K, 99% used [0x00000000f5580000,0x00000000f777fff8,0x00000000f7780000)
  from space 24064K, 0% used [0x00000000f7780000,0x00000000f7780000,0x00000000f8f00000)
  to   space 24064K, 0% used [0x00000000f8f00000,0x00000000f8f00000,0x00000000fa680000)
 ParOldGen       total 349696K, used 349695K [0x00000000e0000000, 0x00000000f5580000, 0x00000000f5580000)
  object space 349696K, 99% used [0x00000000e0000000,0x00000000f557ff08,0x00000000f5580000)
 Metaspace       used 57367K, committed 58240K, reserved 1105920K
  class space    used 5516K, committed 5888K, reserved 1048576K
}
Event: 1085.071 GC heap after
{Heap after GC invocations=728 (full 621):
 PSYoungGen      total 58880K, used 34815K [0x00000000f5580000, 0x00000000fa900000, 0x0000000100000000)
  eden space 34816K, 99% used [0x00000000f5580000,0x00000000f777fff8,0x00000000f7780000)
  from space 24064K, 0% used [0x00000000f8f00000,0x00000000f8f00000,0x00000000fa680000)
  to   space 24064K, 0% used [0x00000000f7780000,0x00000000f7780000,0x00000000f8f00000)
 ParOldGen       total 349696K, used 349695K [0x00000000e0000000, 0x00000000f5580000, 0x00000000f5580000)
  object space 349696K, 99% used [0x00000000e0000000,0x00000000f557fe18,0x00000000f5580000)
 Metaspace       used 57367K, committed 58240K, reserved 1105920K
  class space    used 5516K, committed 5888K, reserved 1048576K
}
Event: 1085.071 GC heap before
{Heap before GC invocations=729 (full 622):
 PSYoungGen      total 58880K, used 34815K [0x00000000f5580000, 0x00000000fa900000, 0x0000000100000000)
  eden space 34816K, 99% used [0x00000000f5580000,0x00000000f777fff8,0x00000000f7780000)
  from space 24064K, 0% used [0x00000000f8f00000,0x00000000f8f00000,0x00000000fa680000)
  to   space 24064K, 0% used [0x00000000f7780000,0x00000000f7780000,0x00000000f8f00000)
 ParOldGen       total 349696K, used 349695K [0x00000000e0000000, 0x00000000f5580000, 0x00000000f5580000)
  object space 349696K, 99% used [0x00000000e0000000,0x00000000f557ffe0,0x00000000f5580000)
 Metaspace       used 57367K, committed 58240K, reserved 1105920K
  class space    used 5516K, committed 5888K, reserved 1048576K
}
Event: 1086.483 GC heap after
{Heap after GC invocations=729 (full 622):
 PSYoungGen      total 58880K, used 34815K [0x00000000f5580000, 0x00000000fa900000, 0x0000000100000000)
  eden space 34816K, 99% used [0x00000000f5580000,0x00000000f777fff8,0x00000000f7780000)
  from space 24064K, 0% used [0x00000000f7780000,0x00000000f7780000,0x00000000f8f00000)
  to   space 24064K, 0% used [0x00000000f8f00000,0x00000000f8f00000,0x00000000fa680000)
 ParOldGen       total 349696K, used 349695K [0x00000000e0000000, 0x00000000f5580000, 0x00000000f5580000)
  object space 349696K, 99% used [0x00000000e0000000,0x00000000f557ff40,0x00000000f5580000)
 Metaspace       used 57367K, committed 58240K, reserved 1105920K
  class space    used 5516K, committed 5888K, reserved 1048576K
}
Event: 1086.484 GC heap before
{Heap before GC invocations=730 (full 623):
 PSYoungGen      total 58880K, used 34815K [0x00000000f5580000, 0x00000000fa900000, 0x0000000100000000)
  eden space 34816K, 99% used [0x00000000f5580000,0x00000000f777fff8,0x00000000f7780000)
  from space 24064K, 0% used [0x00000000f7780000,0x00000000f7780000,0x00000000f8f00000)
  to   space 24064K, 0% used [0x00000000f8f00000,0x00000000f8f00000,0x00000000fa680000)
 ParOldGen       total 349696K, used 349695K [0x00000000e0000000, 0x00000000f5580000, 0x00000000f5580000)
  object space 349696K, 99% used [0x00000000e0000000,0x00000000f557ffe8,0x00000000f5580000)
 Metaspace       used 57367K, committed 58240K, reserved 1105920K
  class space    used 5516K, committed 5888K, reserved 1048576K
}
Event: 1087.867 GC heap after
{Heap after GC invocations=730 (full 623):
 PSYoungGen      total 58880K, used 34815K [0x00000000f5580000, 0x00000000fa900000, 0x0000000100000000)
  eden space 34816K, 99% used [0x00000000f5580000,0x00000000f777fff8,0x00000000f7780000)
  from space 24064K, 0% used [0x00000000f8f00000,0x00000000f8f00000,0x00000000fa680000)
  to   space 24064K, 0% used [0x00000000f7780000,0x00000000f7780000,0x00000000f8f00000)
 ParOldGen       total 349696K, used 349695K [0x00000000e0000000, 0x00000000f5580000, 0x00000000f5580000)
  object space 349696K, 99% used [0x00000000e0000000,0x00000000f557ffc8,0x00000000f5580000)
 Metaspace       used 57367K, committed 58240K, reserved 1105920K
  class space    used 5516K, committed 5888K, reserved 1048576K
}
Event: 1087.867 GC heap before
{Heap before GC invocations=731 (full 624):
 PSYoungGen      total 58880K, used 34815K [0x00000000f5580000, 0x00000000fa900000, 0x0000000100000000)
  eden space 34816K, 99% used [0x00000000f5580000,0x00000000f777fff8,0x00000000f7780000)
  from space 24064K, 0% used [0x00000000f8f00000,0x00000000f8f00000,0x00000000fa680000)
  to   space 24064K, 0% used [0x00000000f7780000,0x00000000f7780000,0x00000000f8f00000)
 ParOldGen       total 349696K, used 349696K [0x00000000e0000000, 0x00000000f5580000, 0x00000000f5580000)
  object space 349696K, 100% used [0x00000000e0000000,0x00000000f5580000,0x00000000f5580000)
 Metaspace       used 57367K, committed 58240K, reserved 1105920K
  class space    used 5516K, committed 5888K, reserved 1048576K
}
Event: 1089.262 GC heap after
{Heap after GC invocations=731 (full 624):
 PSYoungGen      total 58880K, used 34815K [0x00000000f5580000, 0x00000000fa900000, 0x0000000100000000)
  eden space 34816K, 99% used [0x00000000f5580000,0x00000000f777fff8,0x00000000f7780000)
  from space 24064K, 0% used [0x00000000f7780000,0x00000000f7780000,0x00000000f8f00000)
  to   space 24064K, 0% used [0x00000000f8f00000,0x00000000f8f00000,0x00000000fa680000)
 ParOldGen       total 349696K, used 349696K [0x00000000e0000000, 0x00000000f5580000, 0x00000000f5580000)
  object space 349696K, 100% used [0x00000000e0000000,0x00000000f5580000,0x00000000f5580000)
 Metaspace       used 57367K, committed 58240K, reserved 1105920K
  class space    used 5516K, committed 5888K, reserved 1048576K
}
Event: 1089.262 GC heap before
{Heap before GC invocations=732 (full 625):
 PSYoungGen      total 58880K, used 34815K [0x00000000f5580000, 0x00000000fa900000, 0x0000000100000000)
  eden space 34816K, 99% used [0x00000000f5580000,0x00000000f777fff8,0x00000000f7780000)
  from space 24064K, 0% used [0x00000000f7780000,0x00000000f7780000,0x00000000f8f00000)
  to   space 24064K, 0% used [0x00000000f8f00000,0x00000000f8f00000,0x00000000fa680000)
 ParOldGen       total 349696K, used 349696K [0x00000000e0000000, 0x00000000f5580000, 0x00000000f5580000)
  object space 349696K, 100% used [0x00000000e0000000,0x00000000f5580000,0x00000000f5580000)
 Metaspace       used 57367K, committed 58240K, reserved 1105920K
  class space    used 5516K, committed 5888K, reserved 1048576K
}
Event: 1090.743 GC heap after
{Heap after GC invocations=732 (full 625):
 PSYoungGen      total 58880K, used 34815K [0x00000000f5580000, 0x00000000fa900000, 0x0000000100000000)
  eden space 34816K, 99% used [0x00000000f5580000,0x00000000f777ffc0,0x00000000f7780000)
  from space 24064K, 0% used [0x00000000f8f00000,0x00000000f8f00000,0x00000000fa680000)
  to   space 24064K, 0% used [0x00000000f7780000,0x00000000f7780000,0x00000000f8f00000)
 ParOldGen       total 349696K, used 349688K [0x00000000e0000000, 0x00000000f5580000, 0x00000000f5580000)
  object space 349696K, 99% used [0x00000000e0000000,0x00000000f557e098,0x00000000f5580000)
 Metaspace       used 57367K, committed 58240K, reserved 1105920K
  class space    used 5516K, committed 5888K, reserved 1048576K
}
Event: 1090.743 GC heap before
{Heap before GC invocations=733 (full 626):
 PSYoungGen      total 58880K, used 34815K [0x00000000f5580000, 0x00000000fa900000, 0x0000000100000000)
  eden space 34816K, 99% used [0x00000000f5580000,0x00000000f777fff8,0x00000000f7780000)
  from space 24064K, 0% used [0x00000000f8f00000,0x00000000f8f00000,0x00000000fa680000)
  to   space 24064K, 0% used [0x00000000f7780000,0x00000000f7780000,0x00000000f8f00000)
 ParOldGen       total 349696K, used 349689K [0x00000000e0000000, 0x00000000f5580000, 0x00000000f5580000)
  object space 349696K, 99% used [0x00000000e0000000,0x00000000f557e5d8,0x00000000f5580000)
 Metaspace       used 57367K, committed 58240K, reserved 1105920K
  class space    used 5516K, committed 5888K, reserved 1048576K
}
Event: 1092.238 GC heap after
{Heap after GC invocations=733 (full 626):
 PSYoungGen      total 58880K, used 34815K [0x00000000f5580000, 0x00000000fa900000, 0x0000000100000000)
  eden space 34816K, 99% used [0x00000000f5580000,0x00000000f777fff8,0x00000000f7780000)
  from space 24064K, 0% used [0x00000000f7780000,0x00000000f7780000,0x00000000f8f00000)
  to   space 24064K, 0% used [0x00000000f8f00000,0x00000000f8f00000,0x00000000fa680000)
 ParOldGen       total 349696K, used 349689K [0x00000000e0000000, 0x00000000f5580000, 0x00000000f5580000)
  object space 349696K, 99% used [0x00000000e0000000,0x00000000f557e408,0x00000000f5580000)
 Metaspace       used 57367K, committed 58240K, reserved 1105920K
  class space    used 5516K, committed 5888K, reserved 1048576K
}
Event: 1092.239 GC heap before
{Heap before GC invocations=734 (full 627):
 PSYoungGen      total 58880K, used 34815K [0x00000000f5580000, 0x00000000fa900000, 0x0000000100000000)
  eden space 34816K, 99% used [0x00000000f5580000,0x00000000f777fff8,0x00000000f7780000)
  from space 24064K, 0% used [0x00000000f7780000,0x00000000f7780000,0x00000000f8f00000)
  to   space 24064K, 0% used [0x00000000f8f00000,0x00000000f8f00000,0x00000000fa680000)
 ParOldGen       total 349696K, used 349690K [0x00000000e0000000, 0x00000000f5580000, 0x00000000f5580000)
  object space 349696K, 99% used [0x00000000e0000000,0x00000000f557ebf0,0x00000000f5580000)
 Metaspace       used 57367K, committed 58240K, reserved 1105920K
  class space    used 5516K, committed 5888K, reserved 1048576K
}
Event: 1093.681 GC heap after
{Heap after GC invocations=734 (full 627):
 PSYoungGen      total 58880K, used 34815K [0x00000000f5580000, 0x00000000fa900000, 0x0000000100000000)
  eden space 34816K, 99% used [0x00000000f5580000,0x00000000f777ffc8,0x00000000f7780000)
  from space 24064K, 0% used [0x00000000f8f00000,0x00000000f8f00000,0x00000000fa680000)
  to   space 24064K, 0% used [0x00000000f7780000,0x00000000f7780000,0x00000000f8f00000)
 ParOldGen       total 349696K, used 349690K [0x00000000e0000000, 0x00000000f5580000, 0x00000000f5580000)
  object space 349696K, 99% used [0x00000000e0000000,0x00000000f557ea78,0x00000000f5580000)
 Metaspace       used 57367K, committed 58240K, reserved 1105920K
  class space    used 5516K, committed 5888K, reserved 1048576K
}
Event: 1093.681 GC heap before
{Heap before GC invocations=735 (full 628):
 PSYoungGen      total 58880K, used 34815K [0x00000000f5580000, 0x00000000fa900000, 0x0000000100000000)
  eden space 34816K, 99% used [0x00000000f5580000,0x00000000f777fff8,0x00000000f7780000)
  from space 24064K, 0% used [0x00000000f8f00000,0x00000000f8f00000,0x00000000fa680000)
  to   space 24064K, 0% used [0x00000000f7780000,0x00000000f7780000,0x00000000f8f00000)
 ParOldGen       total 349696K, used 349695K [0x00000000e0000000, 0x00000000f5580000, 0x00000000f5580000)
  object space 349696K, 99% used [0x00000000e0000000,0x00000000f557fff0,0x00000000f5580000)
 Metaspace       used 57367K, committed 58240K, reserved 1105920K
  class space    used 5516K, committed 5888K, reserved 1048576K
}
Event: 1095.149 GC heap after
{Heap after GC invocations=735 (full 628):
 PSYoungGen      total 58880K, used 34815K [0x00000000f5580000, 0x00000000fa900000, 0x0000000100000000)
  eden space 34816K, 99% used [0x00000000f5580000,0x00000000f777ffa0,0x00000000f7780000)
  from space 24064K, 0% used [0x00000000f7780000,0x00000000f7780000,0x00000000f8f00000)
  to   space 24064K, 0% used [0x00000000f8f00000,0x00000000f8f00000,0x00000000fa680000)
 ParOldGen       total 349696K, used 349694K [0x00000000e0000000, 0x00000000f5580000, 0x00000000f5580000)
  object space 349696K, 99% used [0x00000000e0000000,0x00000000f557f950,0x00000000f5580000)
 Metaspace       used 57367K, committed 58240K, reserved 1105920K
  class space    used 5516K, committed 5888K, reserved 1048576K
}
Event: 1095.149 GC heap before
{Heap before GC invocations=736 (full 629):
 PSYoungGen      total 58880K, used 34815K [0x00000000f5580000, 0x00000000fa900000, 0x0000000100000000)
  eden space 34816K, 99% used [0x00000000f5580000,0x00000000f777ffa0,0x00000000f7780000)
  from space 24064K, 0% used [0x00000000f7780000,0x00000000f7780000,0x00000000f8f00000)
  to   space 24064K, 0% used [0x00000000f8f00000,0x00000000f8f00000,0x00000000fa680000)
 ParOldGen       total 349696K, used 349694K [0x00000000e0000000, 0x00000000f5580000, 0x00000000f5580000)
  object space 349696K, 99% used [0x00000000e0000000,0x00000000f557f950,0x00000000f5580000)
 Metaspace       used 57367K, committed 58240K, reserved 1105920K
  class space    used 5516K, committed 5888K, reserved 1048576K
}
Event: 1096.555 GC heap after
{Heap after GC invocations=736 (full 629):
 PSYoungGen      total 58880K, used 34815K [0x00000000f5580000, 0x00000000fa900000, 0x0000000100000000)
  eden space 34816K, 99% used [0x00000000f5580000,0x00000000f777ffa0,0x00000000f7780000)
  from space 24064K, 0% used [0x00000000f8f00000,0x00000000f8f00000,0x00000000fa680000)
  to   space 24064K, 0% used [0x00000000f7780000,0x00000000f7780000,0x00000000f8f00000)
 ParOldGen       total 349696K, used 349694K [0x00000000e0000000, 0x00000000f5580000, 0x00000000f5580000)
  object space 349696K, 99% used [0x00000000e0000000,0x00000000f557f950,0x00000000f5580000)
 Metaspace       used 57367K, committed 58240K, reserved 1105920K
  class space    used 5516K, committed 5888K, reserved 1048576K
}

